# JRE version: OpenJDK Runtime Environment (8.0_242-b01) (build 1.8.0_242-release-1644-b01)
# Java VM: OpenJDK 64-Bit Server VM (25.242-b01 mixed mode windows-amd64 compressed oops)
Heap:
 PSYoungGen      total 600576K, used 343817K [0x00000000d5580000, 0x00000000ffa80000, 0x0000000100000000)
  eden space 507904K, 65% used [0x00000000d5580000,0x00000000e9c00878,0x00000000f4580000)
  from space 92672K, 10% used [0x00000000f4580000,0x00000000f4ec1d08,0x00000000fa000000)
  to   space 89088K, 0% used [0x00000000fa380000,0x00000000fa380000,0x00000000ffa80000)
 ParOldGen       total 913408K, used 444090K [0x0000000080000000, 0x00000000b7c00000, 0x00000000d5580000)
  object space 913408K, 48% used [0x0000000080000000,0x000000009b1ae888,0x00000000b7c00000)
 Metaspace       used 309518K, capacity 330766K, committed 338964K, reserved 1341440K
  class space    used 39015K, capacity 43084K, committed 46396K, reserved 1048576K
GC Heap History (10 events):
Event: 4736.321 GC heap before
{Heap before GC invocations=341 (full 14):
 PSYoungGen      total 583680K, used 524200K [0x00000000d5580000, 0x0000000100000000, 0x0000000100000000)
  eden space 482816K, 100% used [0x00000000d5580000,0x00000000f2d00000,0x00000000f2d00000)
  from space 100864K, 41% used [0x00000000f8a80000,0x00000000fb2ea110,0x00000000fed00000)
  to   space 95744K, 0% used [0x00000000f2d00000,0x00000000f2d00000,0x00000000f8a80000)
 ParOldGen       total 913408K, used 327193K [0x0000000080000000, 0x00000000b7c00000, 0x00000000d5580000)
  object space 913408K, 35% used [0x0000000080000000,0x0000000093f86520,0x00000000b7c00000)
 Metaspace       used 308284K, capacity 329296K, committed 338964K, reserved 1341440K
  class space    used 38906K, capacity 42951K, committed 46396K, reserved 1048576K
Event: 4736.338 GC heap after
Heap after GC invocations=341 (full 14):
 PSYoungGen      total 578560K, used 30933K [0x00000000d5580000, 0x00000000ff300000, 0x0000000100000000)
  eden space 482816K, 0% used [0x00000000d5580000,0x00000000d5580000,0x00000000f2d00000)
  from space 95744K, 32% used [0x00000000f2d00000,0x00000000f4b35628,0x00000000f8a80000)
  to   space 91648K, 0% used [0x00000000f9980000,0x00000000f9980000,0x00000000ff300000)
 ParOldGen       total 913408K, used 333899K [0x0000000080000000, 0x00000000b7c00000, 0x00000000d5580000)
  object space 913408K, 36% used [0x0000000080000000,0x0000000094612ff0,0x00000000b7c00000)
 Metaspace       used 308284K, capacity 329296K, committed 338964K, reserved 1341440K
  class space    used 38906K, capacity 42951K, committed 46396K, reserved 1048576K
}
Event: 4736.799 GC heap before
{Heap before GC invocations=342 (full 14):
 PSYoungGen      total 578560K, used 513749K [0x00000000d5580000, 0x00000000ff300000, 0x0000000100000000)
  eden space 482816K, 100% used [0x00000000d5580000,0x00000000f2d00000,0x00000000f2d00000)
  from space 95744K, 32% used [0x00000000f2d00000,0x00000000f4b35628,0x00000000f8a80000)
  to   space 91648K, 0% used [0x00000000f9980000,0x00000000f9980000,0x00000000ff300000)
 ParOldGen       total 913408K, used 333899K [0x0000000080000000, 0x00000000b7c00000, 0x00000000d5580000)
  object space 913408K, 36% used [0x0000000080000000,0x0000000094612ff0,0x00000000b7c00000)
 Metaspace       used 308650K, capacity 329714K, committed 338964K, reserved 1341440K
  class space    used 38965K, capacity 43024K, committed 46396K, reserved 1048576K
Event: 4736.829 GC heap after
Heap after GC invocations=342 (full 14):
 PSYoungGen      total 589312K, used 65978K [0x00000000d5580000, 0x0000000100000000, 0x0000000100000000)
  eden space 497664K, 0% used [0x00000000d5580000,0x00000000d5580000,0x00000000f3b80000)
  from space 91648K, 71% used [0x00000000f9980000,0x00000000fd9ee900,0x00000000ff300000)
  to   space 96256K, 0% used [0x00000000f3b80000,0x00000000f3b80000,0x00000000f9980000)
 ParOldGen       total 913408K, used 353255K [0x0000000080000000, 0x00000000b7c00000, 0x00000000d5580000)
  object space 913408K, 38% used [0x0000000080000000,0x00000000958f9f70,0x00000000b7c00000)
 Metaspace       used 308650K, capacity 329714K, committed 338964K, reserved 1341440K
  class space    used 38965K, capacity 43024K, committed 46396K, reserved 1048576K
}
Event: 4737.271 GC heap before
{Heap before GC invocations=343 (full 14):
 PSYoungGen      total 589312K, used 563642K [0x00000000d5580000, 0x0000000100000000, 0x0000000100000000)
  eden space 497664K, 100% used [0x00000000d5580000,0x00000000f3b80000,0x00000000f3b80000)
  from space 91648K, 71% used [0x00000000f9980000,0x00000000fd9ee900,0x00000000ff300000)
  to   space 96256K, 0% used [0x00000000f3b80000,0x00000000f3b80000,0x00000000f9980000)
 ParOldGen       total 913408K, used 353255K [0x0000000080000000, 0x00000000b7c00000, 0x00000000d5580000)
  object space 913408K, 38% used [0x0000000080000000,0x00000000958f9f70,0x00000000b7c00000)
 Metaspace       used 308950K, capacity 330128K, committed 338964K, reserved 1341440K
  class space    used 39006K, capacity 43071K, committed 46396K, reserved 1048576K
Event: 4737.294 GC heap after
Heap after GC invocations=343 (full 14):
 PSYoungGen      total 593920K, used 19950K [0x00000000d5580000, 0x0000000100000000, 0x0000000100000000)
  eden space 497664K, 0% used [0x00000000d5580000,0x00000000d5580000,0x00000000f3b80000)
  from space 96256K, 20% used [0x00000000f3b80000,0x00000000f4efb800,0x00000000f9980000)
  to   space 94720K, 0% used [0x00000000fa380000,0x00000000fa380000,0x0000000100000000)
 ParOldGen       total 913408K, used 414750K [0x0000000080000000, 0x00000000b7c00000, 0x00000000d5580000)
  object space 913408K, 45% used [0x0000000080000000,0x0000000099507af8,0x00000000b7c00000)
 Metaspace       used 308950K, capacity 330128K, committed 338964K, reserved 1341440K
  class space    used 39006K, capacity 43071K, committed 46396K, reserved 1048576K
}
Event: 4737.647 GC heap before
{Heap before GC invocations=344 (full 14):
 PSYoungGen      total 593920K, used 517614K [0x00000000d5580000, 0x0000000100000000, 0x0000000100000000)
  eden space 497664K, 100% used [0x00000000d5580000,0x00000000f3b80000,0x00000000f3b80000)
  from space 96256K, 20% used [0x00000000f3b80000,0x00000000f4efb800,0x00000000f9980000)
  to   space 94720K, 0% used [0x00000000fa380000,0x00000000fa380000,0x0000000100000000)
 ParOldGen       total 913408K, used 414750K [0x0000000080000000, 0x00000000b7c00000, 0x00000000d5580000)
  object space 913408K, 45% used [0x0000000080000000,0x0000000099507af8,0x00000000b7c00000)
 Metaspace       used 309082K, capacity 330272K, committed 338964K, reserved 1341440K
  class space    used 39007K, capacity 43073K, committed 46396K, reserved 1048576K
Event: 4737.662 GC heap after
Heap after GC invocations=344 (full 14):
 PSYoungGen      total 596992K, used 17601K [0x00000000d5580000, 0x00000000ffa80000, 0x0000000100000000)
  eden space 507904K, 0% used [0x00000000d5580000,0x00000000d5580000,0x00000000f4580000)
  from space 89088K, 19% used [0x00000000fa380000,0x00000000fb4b0778,0x00000000ffa80000)
  to   space 92672K, 0% used [0x00000000f4580000,0x00000000f4580000,0x00000000fa000000)
 ParOldGen       total 913408K, used 429926K [0x0000000080000000, 0x00000000b7c00000, 0x00000000d5580000)
  object space 913408K, 47% used [0x0000000080000000,0x000000009a3d9880,0x00000000b7c00000)
 Metaspace       used 309082K, capacity 330272K, committed 338964K, reserved 1341440K
  class space    used 39007K, capacity 43073K, committed 46396K, reserved 1048576K
}
Event: 4737.940 GC heap before
{Heap before GC invocations=345 (full 14):
 PSYoungGen      total 596992K, used 525505K [0x00000000d5580000, 0x00000000ffa80000, 0x0000000100000000)
  eden space 507904K, 100% used [0x00000000d5580000,0x00000000f4580000,0x00000000f4580000)
  from space 89088K, 19% used [0x00000000fa380000,0x00000000fb4b0778,0x00000000ffa80000)
  to   space 92672K, 0% used [0x00000000f4580000,0x00000000f4580000,0x00000000fa000000)
 ParOldGen       total 913408K, used 429926K [0x0000000080000000, 0x00000000b7c00000, 0x00000000d5580000)
  object space 913408K, 47% used [0x0000000080000000,0x000000009a3d9880,0x00000000b7c00000)
 Metaspace       used 309359K, capacity 330546K, committed 338964K, reserved 1341440K
  class space    used 39008K, capacity 43074K, committed 46396K, reserved 1048576K
Event: 4737.953 GC heap after
Heap after GC invocations=345 (full 14):
 PSYoungGen      total 600576K, used 9479K [0x00000000d5580000, 0x00000000ffa80000, 0x0000000100000000)
  eden space 507904K, 0% used [0x00000000d5580000,0x00000000d5580000,0x00000000f4580000)
  from space 92672K, 10% used [0x00000000f4580000,0x00000000f4ec1d08,0x00000000fa000000)
  to   space 89088K, 0% used [0x00000000fa380000,0x00000000fa380000,0x00000000ffa80000)
 ParOldGen       total 913408K, used 444090K [0x0000000080000000, 0x00000000b7c00000, 0x00000000d5580000)
  object space 913408K, 48% used [0x0000000080000000,0x000000009b1ae888,0x00000000b7c00000)
 Metaspace       used 309359K, capacity 330546K, committed 338964K, reserved 1341440K
  class space    used 39008K, capacity 43074K, committed 46396K, reserved 1048576K
}

