# JRE version: OpenJDK Runtime Environment (8.0_242-b01) (build 1.8.0_242-release-1644-b01)
# Java VM: OpenJDK 64-Bit Server VM (25.242-b01 mixed mode windows-amd64 compressed oops)
Heap:
 PSYoungGen      total 180736K, used 59966K [0x000000076b780000, 0x0000000777780000, 0x00000007c0000000)
  eden space 169984K, 28% used [0x000000076b780000,0x000000076e790910,0x0000000775d80000)
  from space 10752K, 99% used [0x0000000776d00000,0x000000077777f230,0x0000000777780000)
  to   space 10752K, 0% used [0x0000000776280000,0x0000000776280000,0x0000000776d00000)
 ParOldGen       total 141824K, used 58008K [0x00000006c2600000, 0x00000006cb080000, 0x000000076b780000)
  object space 141824K, 40% used [0x00000006c2600000,0x00000006c5ea6318,0x00000006cb080000)
 Metaspace       used 49712K, capacity 50770K, committed 50944K, reserved 1093632K
  class space    used 6071K, capacity 6367K, committed 6400K, reserved 1048576K
GC Heap History (10 events):
Event: 0.987 GC heap before
{Heap before GC invocations=2 (full 0):
 PSYoungGen      total 75776K, used 45660K [0x000000076b780000, 0x0000000774b80000, 0x00000007c0000000)
  eden space 65024K, 53% used [0x000000076b780000,0x000000076d9977f8,0x000000076f700000)
  from space 10752K, 99% used [0x000000076f700000,0x000000077017f8e0,0x0000000770180000)
  to   space 10752K, 0% used [0x0000000774100000,0x0000000774100000,0x0000000774b80000)
 ParOldGen       total 173568K, used 4646K [0x00000006c2600000, 0x00000006ccf80000, 0x000000076b780000)
  object space 173568K, 2% used [0x00000006c2600000,0x00000006c2a89978,0x00000006ccf80000)
 Metaspace       used 20730K, capacity 21102K, committed 21248K, reserved 1069056K
  class space    used 2371K, capacity 2506K, committed 2560K, reserved 1048576K
Event: 0.995 GC heap after
Heap after GC invocations=2 (full 0):
 PSYoungGen      total 140800K, used 10737K [0x000000076b780000, 0x0000000774b80000, 0x00000007c0000000)
  eden space 130048K, 0% used [0x000000076b780000,0x000000076b780000,0x0000000773680000)
  from space 10752K, 99% used [0x0000000774100000,0x0000000774b7c540,0x0000000774b80000)
  to   space 10752K, 0% used [0x0000000773680000,0x0000000773680000,0x0000000774100000)
 ParOldGen       total 173568K, used 16537K [0x00000006c2600000, 0x00000006ccf80000, 0x000000076b780000)
  object space 173568K, 9% used [0x00000006c2600000,0x00000006c3626428,0x00000006ccf80000)
 Metaspace       used 20730K, capacity 21102K, committed 21248K, reserved 1069056K
  class space    used 2371K, capacity 2506K, committed 2560K, reserved 1048576K
}
Event: 0.995 GC heap before
{Heap before GC invocations=3 (full 1):
 PSYoungGen      total 140800K, used 10737K [0x000000076b780000, 0x0000000774b80000, 0x00000007c0000000)
  eden space 130048K, 0% used [0x000000076b780000,0x000000076b780000,0x0000000773680000)
  from space 10752K, 99% used [0x0000000774100000,0x0000000774b7c540,0x0000000774b80000)
  to   space 10752K, 0% used [0x0000000773680000,0x0000000773680000,0x0000000774100000)
 ParOldGen       total 173568K, used 16537K [0x00000006c2600000, 0x00000006ccf80000, 0x000000076b780000)
  object space 173568K, 9% used [0x00000006c2600000,0x00000006c3626428,0x00000006ccf80000)
 Metaspace       used 20730K, capacity 21102K, committed 21248K, reserved 1069056K
  class space    used 2371K, capacity 2506K, committed 2560K, reserved 1048576K
Event: 1.032 GC heap after
Heap after GC invocations=3 (full 1):
 PSYoungGen      total 140800K, used 0K [0x000000076b780000, 0x0000000774b80000, 0x00000007c0000000)
  eden space 130048K, 0% used [0x000000076b780000,0x000000076b780000,0x0000000773680000)
  from space 10752K, 0% used [0x0000000774100000,0x0000000774100000,0x0000000774b80000)
  to   space 10752K, 0% used [0x0000000773680000,0x0000000773680000,0x0000000774100000)
 ParOldGen       total 141824K, used 22427K [0x00000006c2600000, 0x00000006cb080000, 0x000000076b780000)
  object space 141824K, 15% used [0x00000006c2600000,0x00000006c3be6ee0,0x00000006cb080000)
 Metaspace       used 20730K, capacity 21102K, committed 21248K, reserved 1069056K
  class space    used 2371K, capacity 2506K, committed 2560K, reserved 1048576K
}
Event: 1.862 GC heap before
{Heap before GC invocations=4 (full 1):
 PSYoungGen      total 140800K, used 97906K [0x000000076b780000, 0x0000000774b80000, 0x00000007c0000000)
  eden space 130048K, 75% used [0x000000076b780000,0x000000077171cb78,0x0000000773680000)
  from space 10752K, 0% used [0x0000000774100000,0x0000000774100000,0x0000000774b80000)
  to   space 10752K, 0% used [0x0000000773680000,0x0000000773680000,0x0000000774100000)
 ParOldGen       total 141824K, used 22427K [0x00000006c2600000, 0x00000006cb080000, 0x000000076b780000)
  object space 141824K, 15% used [0x00000006c2600000,0x00000006c3be6ee0,0x00000006cb080000)
 Metaspace       used 34574K, capacity 35124K, committed 35416K, reserved 1081344K
  class space    used 4359K, capacity 4537K, committed 4608K, reserved 1048576K
Event: 1.873 GC heap after
Heap after GC invocations=4 (full 1):
 PSYoungGen      total 140800K, used 10737K [0x000000076b780000, 0x0000000777780000, 0x00000007c0000000)
  eden space 130048K, 0% used [0x000000076b780000,0x000000076b780000,0x0000000773680000)
  from space 10752K, 99% used [0x0000000773680000,0x00000007740fc5e0,0x0000000774100000)
  to   space 10752K, 0% used [0x0000000776d00000,0x0000000776d00000,0x0000000777780000)
 ParOldGen       total 141824K, used 34930K [0x00000006c2600000, 0x00000006cb080000, 0x000000076b780000)
  object space 141824K, 24% used [0x00000006c2600000,0x00000006c481c998,0x00000006cb080000)
 Metaspace       used 34574K, capacity 35124K, committed 35416K, reserved 1081344K
  class space    used 4359K, capacity 4537K, committed 4608K, reserved 1048576K
}
Event: 1.873 GC heap before
{Heap before GC invocations=5 (full 2):
 PSYoungGen      total 140800K, used 10737K [0x000000076b780000, 0x0000000777780000, 0x00000007c0000000)
  eden space 130048K, 0% used [0x000000076b780000,0x000000076b780000,0x0000000773680000)
  from space 10752K, 99% used [0x0000000773680000,0x00000007740fc5e0,0x0000000774100000)
  to   space 10752K, 0% used [0x0000000776d00000,0x0000000776d00000,0x0000000777780000)
 ParOldGen       total 141824K, used 34930K [0x00000006c2600000, 0x00000006cb080000, 0x000000076b780000)
  object space 141824K, 24% used [0x00000006c2600000,0x00000006c481c998,0x00000006cb080000)
 Metaspace       used 34574K, capacity 35124K, committed 35416K, reserved 1081344K
  class space    used 4359K, capacity 4537K, committed 4608K, reserved 1048576K
Event: 1.910 GC heap after
Heap after GC invocations=5 (full 2):
 PSYoungGen      total 140800K, used 0K [0x000000076b780000, 0x0000000777780000, 0x00000007c0000000)
  eden space 130048K, 0% used [0x000000076b780000,0x000000076b780000,0x0000000773680000)
  from space 10752K, 0% used [0x0000000773680000,0x0000000773680000,0x0000000774100000)
  to   space 10752K, 0% used [0x0000000776d00000,0x0000000776d00000,0x0000000777780000)
 ParOldGen       total 141824K, used 41833K [0x00000006c2600000, 0x00000006cb080000, 0x000000076b780000)
  object space 141824K, 29% used [0x00000006c2600000,0x00000006c4eda498,0x00000006cb080000)
 Metaspace       used 34574K, capacity 35124K, committed 35416K, reserved 1081344K
  class space    used 4359K, capacity 4537K, committed 4608K, reserved 1048576K
}
Event: 3.096 GC heap before
{Heap before GC invocations=6 (full 2):
 PSYoungGen      total 140800K, used 130048K [0x000000076b780000, 0x0000000777780000, 0x00000007c0000000)
  eden space 130048K, 100% used [0x000000076b780000,0x0000000773680000,0x0000000773680000)
  from space 10752K, 0% used [0x0000000773680000,0x0000000773680000,0x0000000774100000)
  to   space 10752K, 0% used [0x0000000776d00000,0x0000000776d00000,0x0000000777780000)
 ParOldGen       total 141824K, used 41833K [0x00000006c2600000, 0x00000006cb080000, 0x000000076b780000)
  object space 141824K, 29% used [0x00000006c2600000,0x00000006c4eda498,0x00000006cb080000)
 Metaspace       used 47451K, capacity 48304K, committed 48640K, reserved 1091584K
  class space    used 5771K, capacity 6050K, committed 6144K, reserved 1048576K
Event: 3.110 GC heap after
Heap after GC invocations=6 (full 2):
 PSYoungGen      total 180736K, used 10748K [0x000000076b780000, 0x0000000777780000, 0x00000007c0000000)
  eden space 169984K, 0% used [0x000000076b780000,0x000000076b780000,0x0000000775d80000)
  from space 10752K, 99% used [0x0000000776d00000,0x000000077777f230,0x0000000777780000)
  to   space 10752K, 0% used [0x0000000776280000,0x0000000776280000,0x0000000776d00000)
 ParOldGen       total 141824K, used 58008K [0x00000006c2600000, 0x00000006cb080000, 0x000000076b780000)
  object space 141824K, 40% used [0x00000006c2600000,0x00000006c5ea6318,0x00000006cb080000)
 Metaspace       used 47451K, capacity 48304K, committed 48640K, reserved 1091584K
  class space    used 5771K, capacity 6050K, committed 6144K, reserved 1048576K
}

