# JRE version: OpenJDK Runtime Environment (8.0_242-b01) (build 1.8.0_242-release-1644-b01)
# Java VM: OpenJDK 64-Bit Server VM (25.242-b01 mixed mode windows-amd64 compressed oops)
Heap:
 PSYoungGen      total 75776K, used 28892K [0x000000076b780000, 0x0000000770c00000, 0x00000007c0000000)
  eden space 65024K, 27% used [0x000000076b780000,0x000000076c93b090,0x000000076f700000)
  from space 10752K, 99% used [0x000000076f700000,0x000000077017c1b8,0x0000000770180000)
  to   space 10752K, 0% used [0x0000000770180000,0x0000000770180000,0x0000000770c00000)
 ParOldGen       total 139264K, used 26736K [0x00000006c2600000, 0x00000006cae00000, 0x000000076b780000)
  object space 139264K, 19% used [0x00000006c2600000,0x00000006c401c210,0x00000006cae00000)
 Metaspace       used 31934K, capacity 32548K, committed 32896K, reserved 1077248K
  class space    used 3958K, capacity 4150K, committed 4224K, reserved 1048576K
GC Heap History (8 events):
Event: 0.722 GC heap before
{Heap before GC invocations=1 (full 0):
 PSYoungGen      total 75776K, used 65024K [0x000000076b780000, 0x0000000770c00000, 0x00000007c0000000)
  eden space 65024K, 100% used [0x000000076b780000,0x000000076f700000,0x000000076f700000)
  from space 10752K, 0% used [0x0000000770180000,0x0000000770180000,0x0000000770c00000)
  to   space 10752K, 0% used [0x000000076f700000,0x000000076f700000,0x0000000770180000)
 ParOldGen       total 173568K, used 0K [0x00000006c2600000, 0x00000006ccf80000, 0x000000076b780000)
  object space 173568K, 0% used [0x00000006c2600000,0x00000006c2600000,0x00000006ccf80000)
 Metaspace       used 15476K, capacity 15708K, committed 16000K, reserved 1062912K
  class space    used 1759K, capacity 1837K, committed 1920K, reserved 1048576K
Event: 0.731 GC heap after
Heap after GC invocations=1 (full 0):
 PSYoungGen      total 75776K, used 10743K [0x000000076b780000, 0x0000000770c00000, 0x00000007c0000000)
  eden space 65024K, 0% used [0x000000076b780000,0x000000076b780000,0x000000076f700000)
  from space 10752K, 99% used [0x000000076f700000,0x000000077017dc78,0x0000000770180000)
  to   space 10752K, 0% used [0x0000000770180000,0x0000000770180000,0x0000000770c00000)
 ParOldGen       total 173568K, used 4656K [0x00000006c2600000, 0x00000006ccf80000, 0x000000076b780000)
  object space 173568K, 2% used [0x00000006c2600000,0x00000006c2a8c338,0x00000006ccf80000)
 Metaspace       used 15476K, capacity 15708K, committed 16000K, reserved 1062912K
  class space    used 1759K, capacity 1837K, committed 1920K, reserved 1048576K
}
Event: 0.951 GC heap before
{Heap before GC invocations=2 (full 0):
 PSYoungGen      total 75776K, used 46672K [0x000000076b780000, 0x0000000770c00000, 0x00000007c0000000)
  eden space 65024K, 55% used [0x000000076b780000,0x000000076da966d8,0x000000076f700000)
  from space 10752K, 99% used [0x000000076f700000,0x000000077017dc78,0x0000000770180000)
  to   space 10752K, 0% used [0x0000000770180000,0x0000000770180000,0x0000000770c00000)
 ParOldGen       total 173568K, used 4656K [0x00000006c2600000, 0x00000006ccf80000, 0x000000076b780000)
  object space 173568K, 2% used [0x00000006c2600000,0x00000006c2a8c338,0x00000006ccf80000)
 Metaspace       used 20706K, capacity 21100K, committed 21248K, reserved 1069056K
  class space    used 2366K, capacity 2505K, committed 2560K, reserved 1048576K
Event: 0.959 GC heap after
Heap after GC invocations=2 (full 0):
 PSYoungGen      total 75776K, used 10721K [0x000000076b780000, 0x0000000770c00000, 0x00000007c0000000)
  eden space 65024K, 0% used [0x000000076b780000,0x000000076b780000,0x000000076f700000)
  from space 10752K, 99% used [0x0000000770180000,0x0000000770bf8540,0x0000000770c00000)
  to   space 10752K, 0% used [0x000000076f700000,0x000000076f700000,0x0000000770180000)
 ParOldGen       total 173568K, used 16528K [0x00000006c2600000, 0x00000006ccf80000, 0x000000076b780000)
  object space 173568K, 9% used [0x00000006c2600000,0x00000006c3624190,0x00000006ccf80000)
 Metaspace       used 20706K, capacity 21100K, committed 21248K, reserved 1069056K
  class space    used 2366K, capacity 2505K, committed 2560K, reserved 1048576K
}
Event: 0.959 GC heap before
{Heap before GC invocations=3 (full 1):
 PSYoungGen      total 75776K, used 10721K [0x000000076b780000, 0x0000000770c00000, 0x00000007c0000000)
  eden space 65024K, 0% used [0x000000076b780000,0x000000076b780000,0x000000076f700000)
  from space 10752K, 99% used [0x0000000770180000,0x0000000770bf8540,0x0000000770c00000)
  to   space 10752K, 0% used [0x000000076f700000,0x000000076f700000,0x0000000770180000)
 ParOldGen       total 173568K, used 16528K [0x00000006c2600000, 0x00000006ccf80000, 0x000000076b780000)
  object space 173568K, 9% used [0x00000006c2600000,0x00000006c3624190,0x00000006ccf80000)
 Metaspace       used 20706K, capacity 21100K, committed 21248K, reserved 1069056K
  class space    used 2366K, capacity 2505K, committed 2560K, reserved 1048576K
Event: 0.991 GC heap after
Heap after GC invocations=3 (full 1):
 PSYoungGen      total 75776K, used 0K [0x000000076b780000, 0x0000000770c00000, 0x00000007c0000000)
  eden space 65024K, 0% used [0x000000076b780000,0x000000076b780000,0x000000076f700000)
  from space 10752K, 0% used [0x0000000770180000,0x0000000770180000,0x0000000770c00000)
  to   space 10752K, 0% used [0x000000076f700000,0x000000076f700000,0x0000000770180000)
 ParOldGen       total 139264K, used 22371K [0x00000006c2600000, 0x00000006cae00000, 0x000000076b780000)
  object space 139264K, 16% used [0x00000006c2600000,0x00000006c3bd8f38,0x00000006cae00000)
 Metaspace       used 20706K, capacity 21100K, committed 21248K, reserved 1069056K
  class space    used 2366K, capacity 2505K, committed 2560K, reserved 1048576K
}
Event: 1.567 GC heap before
{Heap before GC invocations=4 (full 1):
 PSYoungGen      total 75776K, used 65024K [0x000000076b780000, 0x0000000770c00000, 0x00000007c0000000)
  eden space 65024K, 100% used [0x000000076b780000,0x000000076f700000,0x000000076f700000)
  from space 10752K, 0% used [0x0000000770180000,0x0000000770180000,0x0000000770c00000)
  to   space 10752K, 0% used [0x000000076f700000,0x000000076f700000,0x0000000770180000)
 ParOldGen       total 139264K, used 22371K [0x00000006c2600000, 0x00000006cae00000, 0x000000076b780000)
  object space 139264K, 16% used [0x00000006c2600000,0x00000006c3bd8f38,0x00000006cae00000)
 Metaspace       used 29255K, capacity 29880K, committed 30080K, reserved 1075200K
  class space    used 3679K, capacity 3860K, committed 3968K, reserved 1048576K
Event: 1.573 GC heap after
Heap after GC invocations=4 (full 1):
 PSYoungGen      total 75776K, used 10736K [0x000000076b780000, 0x0000000770c00000, 0x00000007c0000000)
  eden space 65024K, 0% used [0x000000076b780000,0x000000076b780000,0x000000076f700000)
  from space 10752K, 99% used [0x000000076f700000,0x000000077017c1b8,0x0000000770180000)
  to   space 10752K, 0% used [0x0000000770180000,0x0000000770180000,0x0000000770c00000)
 ParOldGen       total 139264K, used 26736K [0x00000006c2600000, 0x00000006cae00000, 0x000000076b780000)
  object space 139264K, 19% used [0x00000006c2600000,0x00000006c401c210,0x00000006cae00000)
 Metaspace       used 29255K, capacity 29880K, committed 30080K, reserved 1075200K
  class space    used 3679K, capacity 3860K, committed 3968K, reserved 1048576K
}

