# JRE version: OpenJDK Runtime Environment (8.0_242-b01) (build 1.8.0_242-release-1644-b01)
# Java VM: OpenJDK 64-Bit Server VM (25.242-b01 mixed mode windows-amd64 compressed oops)
Heap:
 PSYoungGen      total 612864K, used 612616K [0x00000000d5580000, 0x0000000100000000, 0x0000000100000000)
  eden space 561664K, 100% used [0x00000000d5580000,0x00000000f7a00000,0x00000000f7a00000)
  from space 51200K, 99% used [0x00000000f7a00000,0x00000000fabc23a8,0x00000000fac00000)
  to   space 72192K, 11% used [0x00000000fb980000,0x00000000fc15c030,0x0000000100000000)
 ParOldGen       total 472064K, used 211085K [0x0000000080000000, 0x000000009cd00000, 0x00000000d5580000)
  object space 472064K, 44% used [0x0000000080000000,0x000000008ce235f8,0x000000009cd00000)
 Metaspace       used 82268K, capacity 86474K, committed 89752K, reserved 1126400K
  class space    used 11128K, capacity 11910K, committed 12720K, reserved 1048576K
GC Heap History (10 events):
Event: 9.510 GC heap before
{Heap before GC invocations=19 (full 4):
 PSYoungGen      total 622080K, used 571315K [0x00000000d5580000, 0x00000000ff880000, 0x0000000100000000)
  eden space 551936K, 100% used [0x00000000d5580000,0x00000000f7080000,0x00000000f7080000)
  from space 70144K, 27% used [0x00000000fb400000,0x00000000fc6ecf70,0x00000000ff880000)
  to   space 69120K, 0% used [0x00000000f7080000,0x00000000f7080000,0x00000000fb400000)
 ParOldGen       total 472064K, used 188292K [0x0000000080000000, 0x000000009cd00000, 0x00000000d5580000)
  object space 472064K, 39% used [0x0000000080000000,0x000000008b7e11b8,0x000000009cd00000)
 Metaspace       used 81014K, capacity 84974K, committed 88344K, reserved 1124352K
  class space    used 11087K, capacity 11828K, committed 12592K, reserved 1048576K
Event: 9.523 GC heap after
Heap after GC invocations=19 (full 4):
 PSYoungGen      total 621056K, used 28425K [0x00000000d5580000, 0x00000000ff800000, 0x0000000100000000)
  eden space 551936K, 0% used [0x00000000d5580000,0x00000000d5580000,0x00000000f7080000)
  from space 69120K, 41% used [0x00000000f7080000,0x00000000f8c42430,0x00000000fb400000)
  to   space 65536K, 0% used [0x00000000fb800000,0x00000000fb800000,0x00000000ff800000)
 ParOldGen       total 472064K, used 188292K [0x0000000080000000, 0x000000009cd00000, 0x00000000d5580000)
  object space 472064K, 39% used [0x0000000080000000,0x000000008b7e11b8,0x000000009cd00000)
 Metaspace       used 81014K, capacity 84974K, committed 88344K, reserved 1124352K
  class space    used 11087K, capacity 11828K, committed 12592K, reserved 1048576K
}
Event: 9.851 GC heap before
{Heap before GC invocations=20 (full 4):
 PSYoungGen      total 621056K, used 580361K [0x00000000d5580000, 0x00000000ff800000, 0x0000000100000000)
  eden space 551936K, 100% used [0x00000000d5580000,0x00000000f7080000,0x00000000f7080000)
  from space 69120K, 41% used [0x00000000f7080000,0x00000000f8c42430,0x00000000fb400000)
  to   space 65536K, 0% used [0x00000000fb800000,0x00000000fb800000,0x00000000ff800000)
 ParOldGen       total 472064K, used 188292K [0x0000000080000000, 0x000000009cd00000, 0x00000000d5580000)
  object space 472064K, 39% used [0x0000000080000000,0x000000008b7e11b8,0x000000009cd00000)
 Metaspace       used 81428K, capacity 85486K, committed 88856K, reserved 1126400K
  class space    used 11087K, capacity 11828K, committed 12592K, reserved 1048576K
Event: 9.866 GC heap after
Heap after GC invocations=20 (full 4):
 PSYoungGen      total 625664K, used 36248K [0x00000000d5580000, 0x00000000ffb80000, 0x0000000100000000)
  eden space 560128K, 0% used [0x00000000d5580000,0x00000000d5580000,0x00000000f7880000)
  from space 65536K, 55% used [0x00000000fb800000,0x00000000fdb661d8,0x00000000ff800000)
  to   space 65024K, 0% used [0x00000000f7880000,0x00000000f7880000,0x00000000fb800000)
 ParOldGen       total 472064K, used 188292K [0x0000000080000000, 0x000000009cd00000, 0x00000000d5580000)
  object space 472064K, 39% used [0x0000000080000000,0x000000008b7e11b8,0x000000009cd00000)
 Metaspace       used 81428K, capacity 85486K, committed 88856K, reserved 1126400K
  class space    used 11087K, capacity 11828K, committed 12592K, reserved 1048576K
}
Event: 10.156 GC heap before
{Heap before GC invocations=21 (full 4):
 PSYoungGen      total 625664K, used 596376K [0x00000000d5580000, 0x00000000ffb80000, 0x0000000100000000)
  eden space 560128K, 100% used [0x00000000d5580000,0x00000000f7880000,0x00000000f7880000)
  from space 65536K, 55% used [0x00000000fb800000,0x00000000fdb661d8,0x00000000ff800000)
  to   space 65024K, 0% used [0x00000000f7880000,0x00000000f7880000,0x00000000fb800000)
 ParOldGen       total 472064K, used 188292K [0x0000000080000000, 0x000000009cd00000, 0x00000000d5580000)
  object space 472064K, 39% used [0x0000000080000000,0x000000008b7e11b8,0x000000009cd00000)
 Metaspace       used 81643K, capacity 85650K, committed 89112K, reserved 1126400K
  class space    used 11087K, capacity 11828K, committed 12592K, reserved 1048576K
Event: 10.179 GC heap after
Heap after GC invocations=21 (full 4):
 PSYoungGen      total 625152K, used 44182K [0x00000000d5580000, 0x0000000100000000, 0x0000000100000000)
  eden space 560128K, 0% used [0x00000000d5580000,0x00000000d5580000,0x00000000f7880000)
  from space 65024K, 67% used [0x00000000f7880000,0x00000000fa3a5958,0x00000000fb800000)
  to   space 67584K, 0% used [0x00000000fbe00000,0x00000000fbe00000,0x0000000100000000)
 ParOldGen       total 472064K, used 188300K [0x0000000080000000, 0x000000009cd00000, 0x00000000d5580000)
  object space 472064K, 39% used [0x0000000080000000,0x000000008b7e31b8,0x000000009cd00000)
 Metaspace       used 81643K, capacity 85650K, committed 89112K, reserved 1126400K
  class space    used 11087K, capacity 11828K, committed 12592K, reserved 1048576K
}
Event: 10.466 GC heap before
{Heap before GC invocations=22 (full 4):
 PSYoungGen      total 625152K, used 604310K [0x00000000d5580000, 0x0000000100000000, 0x0000000100000000)
  eden space 560128K, 100% used [0x00000000d5580000,0x00000000f7880000,0x00000000f7880000)
  from space 65024K, 67% used [0x00000000f7880000,0x00000000fa3a5958,0x00000000fb800000)
  to   space 67584K, 0% used [0x00000000fbe00000,0x00000000fbe00000,0x0000000100000000)
 ParOldGen       total 472064K, used 188300K [0x0000000080000000, 0x000000009cd00000, 0x00000000d5580000)
  object space 472064K, 39% used [0x0000000080000000,0x000000008b7e31b8,0x000000009cd00000)
 Metaspace       used 81749K, capacity 85816K, committed 89112K, reserved 1126400K
  class space    used 11090K, capacity 11833K, committed 12592K, reserved 1048576K
Event: 10.487 GC heap after
Heap after GC invocations=22 (full 4):
 PSYoungGen      total 629248K, used 42112K [0x00000000d5580000, 0x0000000100000000, 0x0000000100000000)
  eden space 561664K, 0% used [0x00000000d5580000,0x00000000d5580000,0x00000000f7a00000)
  from space 67584K, 62% used [0x00000000fbe00000,0x00000000fe720110,0x0000000100000000)
  to   space 68608K, 0% used [0x00000000f7a00000,0x00000000f7a00000,0x00000000fbd00000)
 ParOldGen       total 472064K, used 198294K [0x0000000080000000, 0x000000009cd00000, 0x00000000d5580000)
  object space 472064K, 42% used [0x0000000080000000,0x000000008c1a5918,0x000000009cd00000)
 Metaspace       used 81749K, capacity 85816K, committed 89112K, reserved 1126400K
  class space    used 11090K, capacity 11833K, committed 12592K, reserved 1048576K
}
Event: 10.807 GC heap before
{Heap before GC invocations=23 (full 4):
 PSYoungGen      total 629248K, used 603776K [0x00000000d5580000, 0x0000000100000000, 0x0000000100000000)
  eden space 561664K, 100% used [0x00000000d5580000,0x00000000f7a00000,0x00000000f7a00000)
  from space 67584K, 62% used [0x00000000fbe00000,0x00000000fe720110,0x0000000100000000)
  to   space 68608K, 0% used [0x00000000f7a00000,0x00000000f7a00000,0x00000000fbd00000)
 ParOldGen       total 472064K, used 198294K [0x0000000080000000, 0x000000009cd00000, 0x00000000d5580000)
  object space 472064K, 42% used [0x0000000080000000,0x000000008c1a5918,0x000000009cd00000)
 Metaspace       used 82200K, capacity 86400K, committed 89496K, reserved 1126400K
  class space    used 11127K, capacity 11909K, committed 12720K, reserved 1048576K
Event: 10.831 GC heap after
Heap after GC invocations=23 (full 4):
 PSYoungGen      total 612864K, used 50952K [0x00000000d5580000, 0x0000000100000000, 0x0000000100000000)
  eden space 561664K, 0% used [0x00000000d5580000,0x00000000d5580000,0x00000000f7a00000)
  from space 51200K, 99% used [0x00000000f7a00000,0x00000000fabc23a8,0x00000000fac00000)
  to   space 72192K, 0% used [0x00000000fb980000,0x00000000fb980000,0x0000000100000000)
 ParOldGen       total 472064K, used 205352K [0x0000000080000000, 0x000000009cd00000, 0x00000000d5580000)
  object space 472064K, 43% used [0x0000000080000000,0x000000008c88a1d8,0x000000009cd00000)
 Metaspace       used 82200K, capacity 86400K, committed 89496K, reserved 1126400K
  class space    used 11127K, capacity 11909K, committed 12720K, reserved 1048576K
}

