# JRE version: OpenJDK Runtime Environment (8.0_242-b01) (build 1.8.0_242-release-1644-b01)
# Java VM: OpenJDK 64-Bit Server VM (25.242-b01 mixed mode windows-amd64 compressed oops)
Heap:
 PSYoungGen      total 75776K, used 0K [0x000000076b780000, 0x0000000770c00000, 0x00000007c0000000)
  eden space 65024K, 0% used [0x000000076b780000,0x000000076b780000,0x000000076f700000)
  from space 10752K, 0% used [0x0000000770180000,0x0000000770180000,0x0000000770c00000)
  to   space 10752K, 0% used [0x000000076f700000,0x000000076f700000,0x0000000770180000)
 ParOldGen       total 137216K, used 31254K [0x00000006c2600000, 0x00000006cac00000, 0x000000076b780000)
  object space 137216K, 22% used [0x00000006c2600000,0x00000006c4485ad0,0x00000006cac00000)
 Metaspace       used 27988K, capacity 28486K, committed 28544K, reserved 1081344K
  class space    used 3540K, capacity 3698K, committed 3712K, reserved 1048576K
GC Heap History (6 events):
Event: 0.725 GC heap before
{Heap before GC invocations=1 (full 0):
 PSYoungGen      total 75776K, used 65024K [0x000000076b780000, 0x0000000770c00000, 0x00000007c0000000)
  eden space 65024K, 100% used [0x000000076b780000,0x000000076f700000,0x000000076f700000)
  from space 10752K, 0% used [0x0000000770180000,0x0000000770180000,0x0000000770c00000)
  to   space 10752K, 0% used [0x000000076f700000,0x000000076f700000,0x0000000770180000)
 ParOldGen       total 173568K, used 0K [0x00000006c2600000, 0x00000006ccf80000, 0x000000076b780000)
  object space 173568K, 0% used [0x00000006c2600000,0x00000006c2600000,0x00000006ccf80000)
 Metaspace       used 15488K, capacity 15708K, committed 16000K, reserved 1062912K
  class space    used 1759K, capacity 1837K, committed 1920K, reserved 1048576K
Event: 0.733 GC heap after
Heap after GC invocations=1 (full 0):
 PSYoungGen      total 75776K, used 10750K [0x000000076b780000, 0x0000000770c00000, 0x00000007c0000000)
  eden space 65024K, 0% used [0x000000076b780000,0x000000076b780000,0x000000076f700000)
  from space 10752K, 99% used [0x000000076f700000,0x000000077017f8e8,0x0000000770180000)
  to   space 10752K, 0% used [0x0000000770180000,0x0000000770180000,0x0000000770c00000)
 ParOldGen       total 173568K, used 4590K [0x00000006c2600000, 0x00000006ccf80000, 0x000000076b780000)
  object space 173568K, 2% used [0x00000006c2600000,0x00000006c2a7ba28,0x00000006ccf80000)
 Metaspace       used 15488K, capacity 15708K, committed 16000K, reserved 1062912K
  class space    used 1759K, capacity 1837K, committed 1920K, reserved 1048576K
}
Event: 0.956 GC heap before
{Heap before GC invocations=2 (full 0):
 PSYoungGen      total 75776K, used 44344K [0x000000076b780000, 0x0000000770c00000, 0x00000007c0000000)
  eden space 65024K, 51% used [0x000000076b780000,0x000000076d84e748,0x000000076f700000)
  from space 10752K, 99% used [0x000000076f700000,0x000000077017f8e8,0x0000000770180000)
  to   space 10752K, 0% used [0x0000000770180000,0x0000000770180000,0x0000000770c00000)
 ParOldGen       total 173568K, used 4590K [0x00000006c2600000, 0x00000006ccf80000, 0x000000076b780000)
  object space 173568K, 2% used [0x00000006c2600000,0x00000006c2a7ba28,0x00000006ccf80000)
 Metaspace       used 20727K, capacity 21100K, committed 21248K, reserved 1069056K
  class space    used 2366K, capacity 2505K, committed 2560K, reserved 1048576K
Event: 0.964 GC heap after
Heap after GC invocations=2 (full 0):
 PSYoungGen      total 75776K, used 10737K [0x000000076b780000, 0x0000000770c00000, 0x00000007c0000000)
  eden space 65024K, 0% used [0x000000076b780000,0x000000076b780000,0x000000076f700000)
  from space 10752K, 99% used [0x0000000770180000,0x0000000770bfc6a0,0x0000000770c00000)
  to   space 10752K, 0% used [0x000000076f700000,0x000000076f700000,0x0000000770180000)
 ParOldGen       total 173568K, used 16444K [0x00000006c2600000, 0x00000006ccf80000, 0x000000076b780000)
  object space 173568K, 9% used [0x00000006c2600000,0x00000006c360f060,0x00000006ccf80000)
 Metaspace       used 20727K, capacity 21100K, committed 21248K, reserved 1069056K
  class space    used 2366K, capacity 2505K, committed 2560K, reserved 1048576K
}
Event: 0.964 GC heap before
{Heap before GC invocations=3 (full 1):
 PSYoungGen      total 75776K, used 10737K [0x000000076b780000, 0x0000000770c00000, 0x00000007c0000000)
  eden space 65024K, 0% used [0x000000076b780000,0x000000076b780000,0x000000076f700000)
  from space 10752K, 99% used [0x0000000770180000,0x0000000770bfc6a0,0x0000000770c00000)
  to   space 10752K, 0% used [0x000000076f700000,0x000000076f700000,0x0000000770180000)
 ParOldGen       total 173568K, used 16444K [0x00000006c2600000, 0x00000006ccf80000, 0x000000076b780000)
  object space 173568K, 9% used [0x00000006c2600000,0x00000006c360f060,0x00000006ccf80000)
 Metaspace       used 20727K, capacity 21100K, committed 21248K, reserved 1069056K
  class space    used 2366K, capacity 2505K, committed 2560K, reserved 1048576K
Event: 0.992 GC heap after
Heap after GC invocations=3 (full 1):
 PSYoungGen      total 75776K, used 0K [0x000000076b780000, 0x0000000770c00000, 0x00000007c0000000)
  eden space 65024K, 0% used [0x000000076b780000,0x000000076b780000,0x000000076f700000)
  from space 10752K, 0% used [0x0000000770180000,0x0000000770180000,0x0000000770c00000)
  to   space 10752K, 0% used [0x000000076f700000,0x000000076f700000,0x0000000770180000)
 ParOldGen       total 137216K, used 22364K [0x00000006c2600000, 0x00000006cac00000, 0x000000076b780000)
  object space 137216K, 16% used [0x00000006c2600000,0x00000006c3bd7200,0x00000006cac00000)
 Metaspace       used 20727K, capacity 21100K, committed 21248K, reserved 1069056K
  class space    used 2366K, capacity 2505K, committed 2560K, reserved 1048576K
}

