# JRE version: OpenJDK Runtime Environment (8.0_242-b01) (build 1.8.0_242-release-1644-b01)
# Java VM: OpenJDK 64-Bit Server VM (25.242-b01 mixed mode windows-amd64 compressed oops)
Heap:
 PSYoungGen      total 458752K, used 300047K [0x00000000d5580000, 0x00000000fcd80000, 0x0000000100000000)
  eden space 346624K, 82% used [0x00000000d5580000,0x00000000e6d6fb70,0x00000000ea800000)
  from space 112128K, 11% used [0x00000000ea800000,0x00000000eb514098,0x00000000f1580000)
  to   space 111104K, 0% used [0x00000000f6100000,0x00000000f6100000,0x00000000fcd80000)
 ParOldGen       total 388096K, used 262180K [0x0000000080000000, 0x0000000097b00000, 0x00000000d5580000)
  object space 388096K, 67% used [0x0000000080000000,0x0000000090009188,0x0000000097b00000)
 Metaspace       used 133841K, capacity 139502K, committed 144024K, reserved 1173504K
  class space    used 16936K, capacity 18066K, committed 19104K, reserved 1048576K
GC Heap History (10 events):
Event: 4058.405 GC heap before
{Heap before GC invocations=30 (full 5):
 PSYoungGen      total 310784K, used 310759K [0x00000000d5580000, 0x00000000ef080000, 0x0000000100000000)
  eden space 264704K, 100% used [0x00000000d5580000,0x00000000e5800000,0x00000000e5800000)
  from space 46080K, 99% used [0x00000000e9400000,0x00000000ec0f9cc8,0x00000000ec100000)
  to   space 61440K, 0% used [0x00000000e5800000,0x00000000e5800000,0x00000000e9400000)
 ParOldGen       total 388096K, used 92142K [0x0000000080000000, 0x0000000097b00000, 0x00000000d5580000)
  object space 388096K, 23% used [0x0000000080000000,0x00000000859fbaa0,0x0000000097b00000)
 Metaspace       used 133022K, capacity 138552K, committed 143768K, reserved 1173504K
  class space    used 16899K, capacity 17991K, committed 19104K, reserved 1048576K
Event: 4058.448 GC heap after
Heap after GC invocations=30 (full 5):
 PSYoungGen      total 326144K, used 61426K [0x00000000d5580000, 0x00000000f1780000, 0x0000000100000000)
  eden space 264704K, 0% used [0x00000000d5580000,0x00000000d5580000,0x00000000e5800000)
  from space 61440K, 99% used [0x00000000e5800000,0x00000000e93fcba0,0x00000000e9400000)
  to   space 75264K, 0% used [0x00000000ece00000,0x00000000ece00000,0x00000000f1780000)
 ParOldGen       total 388096K, used 103744K [0x0000000080000000, 0x0000000097b00000, 0x00000000d5580000)
  object space 388096K, 26% used [0x0000000080000000,0x0000000086550198,0x0000000097b00000)
 Metaspace       used 133022K, capacity 138552K, committed 143768K, reserved 1173504K
  class space    used 16899K, capacity 17991K, committed 19104K, reserved 1048576K
}
Event: 4058.665 GC heap before
{Heap before GC invocations=31 (full 5):
 PSYoungGen      total 326144K, used 326130K [0x00000000d5580000, 0x00000000f1780000, 0x0000000100000000)
  eden space 264704K, 100% used [0x00000000d5580000,0x00000000e5800000,0x00000000e5800000)
  from space 61440K, 99% used [0x00000000e5800000,0x00000000e93fcba0,0x00000000e9400000)
  to   space 75264K, 0% used [0x00000000ece00000,0x00000000ece00000,0x00000000f1780000)
 ParOldGen       total 388096K, used 103949K [0x0000000080000000, 0x0000000097b00000, 0x00000000d5580000)
  object space 388096K, 26% used [0x0000000080000000,0x00000000865837e0,0x0000000097b00000)
 Metaspace       used 133117K, capacity 138668K, committed 143768K, reserved 1173504K
  class space    used 16904K, capacity 18027K, committed 19104K, reserved 1048576K
Event: 4058.708 GC heap after
Heap after GC invocations=31 (full 5):
 PSYoungGen      total 364544K, used 75256K [0x00000000d5580000, 0x00000000f4300000, 0x0000000100000000)
  eden space 289280K, 0% used [0x00000000d5580000,0x00000000d5580000,0x00000000e7000000)
  from space 75264K, 99% used [0x00000000ece00000,0x00000000f177e1d0,0x00000000f1780000)
  to   space 96256K, 0% used [0x00000000e7000000,0x00000000e7000000,0x00000000ece00000)
 ParOldGen       total 388096K, used 129151K [0x0000000080000000, 0x0000000097b00000, 0x00000000d5580000)
  object space 388096K, 33% used [0x0000000080000000,0x0000000087e1ff68,0x0000000097b00000)
 Metaspace       used 133117K, capacity 138668K, committed 143768K, reserved 1173504K
  class space    used 16904K, capacity 18027K, committed 19104K, reserved 1048576K
}
Event: 4058.883 GC heap before
{Heap before GC invocations=32 (full 5):
 PSYoungGen      total 364544K, used 364536K [0x00000000d5580000, 0x00000000f4300000, 0x0000000100000000)
  eden space 289280K, 100% used [0x00000000d5580000,0x00000000e7000000,0x00000000e7000000)
  from space 75264K, 99% used [0x00000000ece00000,0x00000000f177e1d0,0x00000000f1780000)
  to   space 96256K, 0% used [0x00000000e7000000,0x00000000e7000000,0x00000000ece00000)
 ParOldGen       total 388096K, used 129153K [0x0000000080000000, 0x0000000097b00000, 0x00000000d5580000)
  object space 388096K, 33% used [0x0000000080000000,0x0000000087e20760,0x0000000097b00000)
 Metaspace       used 133369K, capacity 138982K, committed 143768K, reserved 1173504K
  class space    used 16929K, capacity 18056K, committed 19104K, reserved 1048576K
Event: 4058.920 GC heap after
Heap after GC invocations=32 (full 5):
 PSYoungGen      total 385536K, used 92210K [0x00000000d5580000, 0x00000000f8100000, 0x0000000100000000)
  eden space 289280K, 0% used [0x00000000d5580000,0x00000000d5580000,0x00000000e7000000)
  from space 96256K, 95% used [0x00000000e7000000,0x00000000eca0cbd8,0x00000000ece00000)
  to   space 110080K, 0% used [0x00000000f1580000,0x00000000f1580000,0x00000000f8100000)
 ParOldGen       total 388096K, used 150772K [0x0000000080000000, 0x0000000097b00000, 0x00000000d5580000)
  object space 388096K, 38% used [0x0000000080000000,0x000000008933d260,0x0000000097b00000)
 Metaspace       used 133369K, capacity 138982K, committed 143768K, reserved 1173504K
  class space    used 16929K, capacity 18056K, committed 19104K, reserved 1048576K
}
Event: 4059.088 GC heap before
{Heap before GC invocations=33 (full 5):
 PSYoungGen      total 385536K, used 381490K [0x00000000d5580000, 0x00000000f8100000, 0x0000000100000000)
  eden space 289280K, 100% used [0x00000000d5580000,0x00000000e7000000,0x00000000e7000000)
  from space 96256K, 95% used [0x00000000e7000000,0x00000000eca0cbd8,0x00000000ece00000)
  to   space 110080K, 0% used [0x00000000f1580000,0x00000000f1580000,0x00000000f8100000)
 ParOldGen       total 388096K, used 150772K [0x0000000080000000, 0x0000000097b00000, 0x00000000d5580000)
  object space 388096K, 38% used [0x0000000080000000,0x000000008933d260,0x0000000097b00000)
 Metaspace       used 133462K, capacity 139090K, committed 143768K, reserved 1173504K
  class space    used 16935K, capacity 18064K, committed 19104K, reserved 1048576K
Event: 4059.142 GC heap after
Heap after GC invocations=33 (full 5):
 PSYoungGen      total 456704K, used 67791K [0x00000000d5580000, 0x00000000f8b00000, 0x0000000100000000)
  eden space 346624K, 0% used [0x00000000d5580000,0x00000000d5580000,0x00000000ea800000)
  from space 110080K, 61% used [0x00000000f1580000,0x00000000f57b3fd0,0x00000000f8100000)
  to   space 112128K, 0% used [0x00000000ea800000,0x00000000ea800000,0x00000000f1580000)
 ParOldGen       total 388096K, used 201001K [0x0000000080000000, 0x0000000097b00000, 0x00000000d5580000)
  object space 388096K, 51% used [0x0000000080000000,0x000000008c44a660,0x0000000097b00000)
 Metaspace       used 133462K, capacity 139090K, committed 143768K, reserved 1173504K
  class space    used 16935K, capacity 18064K, committed 19104K, reserved 1048576K
}
Event: 4059.368 GC heap before
{Heap before GC invocations=34 (full 5):
 PSYoungGen      total 456704K, used 414415K [0x00000000d5580000, 0x00000000f8b00000, 0x0000000100000000)
  eden space 346624K, 100% used [0x00000000d5580000,0x00000000ea800000,0x00000000ea800000)
  from space 110080K, 61% used [0x00000000f1580000,0x00000000f57b3fd0,0x00000000f8100000)
  to   space 112128K, 0% used [0x00000000ea800000,0x00000000ea800000,0x00000000f1580000)
 ParOldGen       total 388096K, used 201001K [0x0000000080000000, 0x0000000097b00000, 0x00000000d5580000)
  object space 388096K, 51% used [0x0000000080000000,0x000000008c44a660,0x0000000097b00000)
 Metaspace       used 133698K, capacity 139358K, committed 144024K, reserved 1173504K
  class space    used 16936K, capacity 18066K, committed 19104K, reserved 1048576K
Event: 4059.401 GC heap after
Heap after GC invocations=34 (full 5):
 PSYoungGen      total 458752K, used 13392K [0x00000000d5580000, 0x00000000fcd80000, 0x0000000100000000)
  eden space 346624K, 0% used [0x00000000d5580000,0x00000000d5580000,0x00000000ea800000)
  from space 112128K, 11% used [0x00000000ea800000,0x00000000eb514098,0x00000000f1580000)
  to   space 111104K, 0% used [0x00000000f6100000,0x00000000f6100000,0x00000000fcd80000)
 ParOldGen       total 388096K, used 262180K [0x0000000080000000, 0x0000000097b00000, 0x00000000d5580000)
  object space 388096K, 67% used [0x0000000080000000,0x0000000090009188,0x0000000097b00000)
 Metaspace       used 133698K, capacity 139358K, committed 144024K, reserved 1173504K
  class space    used 16936K, capacity 18066K, committed 19104K, reserved 1048576K
}

