# JRE version: OpenJDK Runtime Environment (8.0_242-b01) (build 1.8.0_242-release-1644-b01)
# Java VM: OpenJDK 64-Bit Server VM (25.242-b01 mixed mode windows-amd64 compressed oops)
Heap:
 PSYoungGen      total 389632K, used 120135K [0x00000000d5580000, 0x0000000100000000, 0x0000000100000000)
  eden space 351744K, 23% used [0x00000000d5580000,0x00000000da621648,0x00000000ead00000)
  from space 37888K, 99% used [0x00000000ead00000,0x00000000ed1b0858,0x00000000ed200000)
  to   space 177152K, 0% used [0x00000000f5300000,0x00000000f5300000,0x0000000100000000)
 ParOldGen       total 473600K, used 362529K [0x0000000080000000, 0x000000009ce80000, 0x00000000d5580000)
  object space 473600K, 76% used [0x0000000080000000,0x0000000096208478,0x000000009ce80000)
 Metaspace       used 228028K, capacity 246824K, committed 247064K, reserved 1263616K
  class space    used 29297K, capacity 32777K, committed 32800K, reserved 1048576K
GC Heap History (10 events):
Event: 2404.740 GC heap before
{Heap before GC invocations=58 (full 5):
 PSYoungGen      total 515072K, used 454148K [0x00000000d5580000, 0x00000000ffd80000, 0x0000000100000000)
  eden space 333824K, 100% used [0x00000000d5580000,0x00000000e9b80000,0x00000000e9b80000)
  from space 181248K, 66% used [0x00000000f4c80000,0x00000000fc2010e0,0x00000000ffd80000)
  to   space 181248K, 0% used [0x00000000e9b80000,0x00000000e9b80000,0x00000000f4c80000)
 ParOldGen       total 473600K, used 274071K [0x0000000080000000, 0x000000009ce80000, 0x00000000d5580000)
  object space 473600K, 57% used [0x0000000080000000,0x0000000090ba5d80,0x000000009ce80000)
 Metaspace       used 227955K, capacity 246688K, committed 246808K, reserved 1263616K
  class space    used 29297K, capacity 32777K, committed 32800K, reserved 1048576K
Event: 2404.783 GC heap after
Heap after GC invocations=58 (full 5):
 PSYoungGen      total 515072K, used 125547K [0x00000000d5580000, 0x00000000ffe00000, 0x0000000100000000)
  eden space 333824K, 0% used [0x00000000d5580000,0x00000000d5580000,0x00000000e9b80000)
  from space 181248K, 69% used [0x00000000e9b80000,0x00000000f161aca8,0x00000000f4c80000)
  to   space 180224K, 0% used [0x00000000f4e00000,0x00000000f4e00000,0x00000000ffe00000)
 ParOldGen       total 473600K, used 274079K [0x0000000080000000, 0x000000009ce80000, 0x00000000d5580000)
  object space 473600K, 57% used [0x0000000080000000,0x0000000090ba7d80,0x000000009ce80000)
 Metaspace       used 227955K, capacity 246688K, committed 246808K, reserved 1263616K
  class space    used 29297K, capacity 32777K, committed 32800K, reserved 1048576K
}
Event: 2404.888 GC heap before
{Heap before GC invocations=59 (full 5):
 PSYoungGen      total 515072K, used 459371K [0x00000000d5580000, 0x00000000ffe00000, 0x0000000100000000)
  eden space 333824K, 100% used [0x00000000d5580000,0x00000000e9b80000,0x00000000e9b80000)
  from space 181248K, 69% used [0x00000000e9b80000,0x00000000f161aca8,0x00000000f4c80000)
  to   space 180224K, 0% used [0x00000000f4e00000,0x00000000f4e00000,0x00000000ffe00000)
 ParOldGen       total 473600K, used 274082K [0x0000000080000000, 0x000000009ce80000, 0x00000000d5580000)
  object space 473600K, 57% used [0x0000000080000000,0x0000000090ba89b8,0x000000009ce80000)
 Metaspace       used 228001K, capacity 246752K, committed 246808K, reserved 1263616K
  class space    used 29297K, capacity 32777K, committed 32800K, reserved 1048576K
Event: 2404.938 GC heap after
Heap after GC invocations=59 (full 5):
 PSYoungGen      total 504320K, used 109349K [0x00000000d5580000, 0x00000000ff100000, 0x0000000100000000)
  eden space 337408K, 0% used [0x00000000d5580000,0x00000000d5580000,0x00000000e9f00000)
  from space 166912K, 65% used [0x00000000f4e00000,0x00000000fb8c9440,0x00000000ff100000)
  to   space 173056K, 0% used [0x00000000e9f00000,0x00000000e9f00000,0x00000000f4800000)
 ParOldGen       total 473600K, used 302315K [0x0000000080000000, 0x000000009ce80000, 0x00000000d5580000)
  object space 473600K, 63% used [0x0000000080000000,0x000000009273ae10,0x000000009ce80000)
 Metaspace       used 228001K, capacity 246752K, committed 246808K, reserved 1263616K
  class space    used 29297K, capacity 32777K, committed 32800K, reserved 1048576K
}
Event: 2405.084 GC heap before
{Heap before GC invocations=60 (full 5):
 PSYoungGen      total 504320K, used 446757K [0x00000000d5580000, 0x00000000ff100000, 0x0000000100000000)
  eden space 337408K, 100% used [0x00000000d5580000,0x00000000e9f00000,0x00000000e9f00000)
  from space 166912K, 65% used [0x00000000f4e00000,0x00000000fb8c9440,0x00000000ff100000)
  to   space 173056K, 0% used [0x00000000e9f00000,0x00000000e9f00000,0x00000000f4800000)
 ParOldGen       total 473600K, used 302315K [0x0000000080000000, 0x000000009ce80000, 0x00000000d5580000)
  object space 473600K, 63% used [0x0000000080000000,0x000000009273ae10,0x000000009ce80000)
 Metaspace       used 228019K, capacity 246824K, committed 247064K, reserved 1263616K
  class space    used 29297K, capacity 32777K, committed 32800K, reserved 1048576K
Event: 2405.123 GC heap after
Heap after GC invocations=60 (full 5):
 PSYoungGen      total 510464K, used 78152K [0x00000000d5580000, 0x0000000100000000, 0x0000000100000000)
  eden space 337408K, 0% used [0x00000000d5580000,0x00000000d5580000,0x00000000e9f00000)
  from space 173056K, 45% used [0x00000000e9f00000,0x00000000eeb520c0,0x00000000f4800000)
  to   space 172544K, 0% used [0x00000000f5780000,0x00000000f5780000,0x0000000100000000)
 ParOldGen       total 473600K, used 328240K [0x0000000080000000, 0x000000009ce80000, 0x00000000d5580000)
  object space 473600K, 69% used [0x0000000080000000,0x000000009408c340,0x000000009ce80000)
 Metaspace       used 228019K, capacity 246824K, committed 247064K, reserved 1263616K
  class space    used 29297K, capacity 32777K, committed 32800K, reserved 1048576K
}
Event: 2405.276 GC heap before
{Heap before GC invocations=61 (full 5):
 PSYoungGen      total 510464K, used 415560K [0x00000000d5580000, 0x0000000100000000, 0x0000000100000000)
  eden space 337408K, 100% used [0x00000000d5580000,0x00000000e9f00000,0x00000000e9f00000)
  from space 173056K, 45% used [0x00000000e9f00000,0x00000000eeb520c0,0x00000000f4800000)
  to   space 172544K, 0% used [0x00000000f5780000,0x00000000f5780000,0x0000000100000000)
 ParOldGen       total 473600K, used 328240K [0x0000000080000000, 0x000000009ce80000, 0x00000000d5580000)
  object space 473600K, 69% used [0x0000000080000000,0x000000009408c340,0x000000009ce80000)
 Metaspace       used 228022K, capacity 246824K, committed 247064K, reserved 1263616K
  class space    used 29297K, capacity 32777K, committed 32800K, reserved 1048576K
Event: 2405.301 GC heap after
Heap after GC invocations=61 (full 5):
 PSYoungGen      total 524288K, used 60917K [0x00000000d5580000, 0x0000000100000000, 0x0000000100000000)
  eden space 351744K, 0% used [0x00000000d5580000,0x00000000d5580000,0x00000000ead00000)
  from space 172544K, 35% used [0x00000000f5780000,0x00000000f92fd6d8,0x0000000100000000)
  to   space 173568K, 0% used [0x00000000ead00000,0x00000000ead00000,0x00000000f5680000)
 ParOldGen       total 473600K, used 344815K [0x0000000080000000, 0x000000009ce80000, 0x00000000d5580000)
  object space 473600K, 72% used [0x0000000080000000,0x00000000950bbff0,0x000000009ce80000)
 Metaspace       used 228022K, capacity 246824K, committed 247064K, reserved 1263616K
  class space    used 29297K, capacity 32777K, committed 32800K, reserved 1048576K
}
Event: 2405.453 GC heap before
{Heap before GC invocations=62 (full 5):
 PSYoungGen      total 524288K, used 412661K [0x00000000d5580000, 0x0000000100000000, 0x0000000100000000)
  eden space 351744K, 100% used [0x00000000d5580000,0x00000000ead00000,0x00000000ead00000)
  from space 172544K, 35% used [0x00000000f5780000,0x00000000f92fd6d8,0x0000000100000000)
  to   space 173568K, 0% used [0x00000000ead00000,0x00000000ead00000,0x00000000f5680000)
 ParOldGen       total 473600K, used 344815K [0x0000000080000000, 0x000000009ce80000, 0x00000000d5580000)
  object space 473600K, 72% used [0x0000000080000000,0x00000000950bbff0,0x000000009ce80000)
 Metaspace       used 228028K, capacity 246824K, committed 247064K, reserved 1263616K
  class space    used 29297K, capacity 32777K, committed 32800K, reserved 1048576K
Event: 2405.484 GC heap after
Heap after GC invocations=62 (full 5):
 PSYoungGen      total 389632K, used 37570K [0x00000000d5580000, 0x0000000100000000, 0x0000000100000000)
  eden space 351744K, 0% used [0x00000000d5580000,0x00000000d5580000,0x00000000ead00000)
  from space 37888K, 99% used [0x00000000ead00000,0x00000000ed1b0858,0x00000000ed200000)
  to   space 177152K, 0% used [0x00000000f5300000,0x00000000f5300000,0x0000000100000000)
 ParOldGen       total 473600K, used 362529K [0x0000000080000000, 0x000000009ce80000, 0x00000000d5580000)
  object space 473600K, 76% used [0x0000000080000000,0x0000000096208478,0x000000009ce80000)
 Metaspace       used 228028K, capacity 246824K, committed 247064K, reserved 1263616K
  class space    used 29297K, capacity 32777K, committed 32800K, reserved 1048576K
}

