# JRE version: OpenJDK Runtime Environment (8.0_242-b01) (build 1.8.0_242-release-1644-b01)
# Java VM: OpenJDK 64-Bit Server VM (25.242-b01 mixed mode windows-amd64 compressed oops)
Heap:
 PSYoungGen      total 562176K, used 316057K [0x00000000d5580000, 0x0000000100000000, 0x0000000100000000)
  eden space 435200K, 58% used [0x00000000d5580000,0x00000000e4c262f0,0x00000000efe80000)
  from space 126976K, 50% used [0x00000000f7580000,0x00000000fb3804b0,0x00000000ff180000)
  to   space 121856K, 0% used [0x00000000efe80000,0x00000000efe80000,0x00000000f7580000)
 ParOldGen       total 546304K, used 222464K [0x0000000080000000, 0x00000000a1580000, 0x00000000d5580000)
  object space 546304K, 40% used [0x0000000080000000,0x000000008d9402e8,0x00000000a1580000)
 Metaspace       used 82629K, capacity 86814K, committed 89752K, reserved 1126400K
  class space    used 11130K, capacity 11906K, committed 12720K, reserved 1048576K
GC Heap History (10 events):
Event: 15.121 GC heap before
{Heap before GC invocations=33 (full 5):
 PSYoungGen      total 530944K, used 530573K [0x00000000d5580000, 0x0000000100000000, 0x0000000100000000)
  eden space 434688K, 100% used [0x00000000d5580000,0x00000000efe00000,0x00000000efe00000)
  from space 96256K, 99% used [0x00000000efe00000,0x00000000f5ba37f8,0x00000000f5c00000)
  to   space 138240K, 0% used [0x00000000f7900000,0x00000000f7900000,0x0000000100000000)
 ParOldGen       total 546304K, used 193654K [0x0000000080000000, 0x00000000a1580000, 0x00000000d5580000)
  object space 546304K, 35% used [0x0000000080000000,0x000000008bd1d928,0x00000000a1580000)
 Metaspace       used 82502K, capacity 86678K, committed 89496K, reserved 1126400K
  class space    used 11130K, capacity 11906K, committed 12720K, reserved 1048576K
Event: 15.157 GC heap after
Heap after GC invocations=33 (full 5):
 PSYoungGen      total 561152K, used 83511K [0x00000000d5580000, 0x0000000100000000, 0x0000000100000000)
  eden space 422912K, 0% used [0x00000000d5580000,0x00000000d5580000,0x00000000ef280000)
  from space 138240K, 60% used [0x00000000f7900000,0x00000000fca8de80,0x0000000100000000)
  to   space 137728K, 0% used [0x00000000ef280000,0x00000000ef280000,0x00000000f7900000)
 ParOldGen       total 546304K, used 199401K [0x0000000080000000, 0x00000000a1580000, 0x00000000d5580000)
  object space 546304K, 36% used [0x0000000080000000,0x000000008c2ba528,0x00000000a1580000)
 Metaspace       used 82502K, capacity 86678K, committed 89496K, reserved 1126400K
  class space    used 11130K, capacity 11906K, committed 12720K, reserved 1048576K
}
Event: 15.576 GC heap before
{Heap before GC invocations=34 (full 5):
 PSYoungGen      total 561152K, used 506423K [0x00000000d5580000, 0x0000000100000000, 0x0000000100000000)
  eden space 422912K, 100% used [0x00000000d5580000,0x00000000ef280000,0x00000000ef280000)
  from space 138240K, 60% used [0x00000000f7900000,0x00000000fca8de80,0x0000000100000000)
  to   space 137728K, 0% used [0x00000000ef280000,0x00000000ef280000,0x00000000f7900000)
 ParOldGen       total 546304K, used 199401K [0x0000000080000000, 0x00000000a1580000, 0x00000000d5580000)
  object space 546304K, 36% used [0x0000000080000000,0x000000008c2ba528,0x00000000a1580000)
 Metaspace       used 82502K, capacity 86678K, committed 89496K, reserved 1126400K
  class space    used 11130K, capacity 11906K, committed 12720K, reserved 1048576K
Event: 15.610 GC heap after
Heap after GC invocations=34 (full 5):
 PSYoungGen      total 503808K, used 80439K [0x00000000d5580000, 0x00000000ffc80000, 0x0000000100000000)
  eden space 422912K, 0% used [0x00000000d5580000,0x00000000d5580000,0x00000000ef280000)
  from space 80896K, 99% used [0x00000000ef280000,0x00000000f410dcf0,0x00000000f4180000)
  to   space 136192K, 0% used [0x00000000f7780000,0x00000000f7780000,0x00000000ffc80000)
 ParOldGen       total 546304K, used 205488K [0x0000000080000000, 0x00000000a1580000, 0x00000000d5580000)
  object space 546304K, 37% used [0x0000000080000000,0x000000008c8ac3c8,0x00000000a1580000)
 Metaspace       used 82502K, capacity 86678K, committed 89496K, reserved 1126400K
  class space    used 11130K, capacity 11906K, committed 12720K, reserved 1048576K
}
Event: 16.181 GC heap before
{Heap before GC invocations=35 (full 5):
 PSYoungGen      total 503808K, used 503351K [0x00000000d5580000, 0x00000000ffc80000, 0x0000000100000000)
  eden space 422912K, 100% used [0x00000000d5580000,0x00000000ef280000,0x00000000ef280000)
  from space 80896K, 99% used [0x00000000ef280000,0x00000000f410dcf0,0x00000000f4180000)
  to   space 136192K, 0% used [0x00000000f7780000,0x00000000f7780000,0x00000000ffc80000)
 ParOldGen       total 546304K, used 205488K [0x0000000080000000, 0x00000000a1580000, 0x00000000d5580000)
  object space 546304K, 37% used [0x0000000080000000,0x000000008c8ac3c8,0x00000000a1580000)
 Metaspace       used 82515K, capacity 86742K, committed 89752K, reserved 1126400K
  class space    used 11130K, capacity 11906K, committed 12720K, reserved 1048576K
Event: 16.219 GC heap after
Heap after GC invocations=35 (full 5):
 PSYoungGen      total 562688K, used 77087K [0x00000000d5580000, 0x0000000100000000, 0x0000000100000000)
  eden space 426496K, 0% used [0x00000000d5580000,0x00000000d5580000,0x00000000ef600000)
  from space 136192K, 56% used [0x00000000f7780000,0x00000000fc2c7c50,0x00000000ffc80000)
  to   space 132608K, 0% used [0x00000000ef600000,0x00000000ef600000,0x00000000f7780000)
 ParOldGen       total 546304K, used 210902K [0x0000000080000000, 0x00000000a1580000, 0x00000000d5580000)
  object space 546304K, 38% used [0x0000000080000000,0x000000008cdf5890,0x00000000a1580000)
 Metaspace       used 82515K, capacity 86742K, committed 89752K, reserved 1126400K
  class space    used 11130K, capacity 11906K, committed 12720K, reserved 1048576K
}
Event: 16.859 GC heap before
{Heap before GC invocations=36 (full 5):
 PSYoungGen      total 562688K, used 503583K [0x00000000d5580000, 0x0000000100000000, 0x0000000100000000)
  eden space 426496K, 100% used [0x00000000d5580000,0x00000000ef600000,0x00000000ef600000)
  from space 136192K, 56% used [0x00000000f7780000,0x00000000fc2c7c50,0x00000000ffc80000)
  to   space 132608K, 0% used [0x00000000ef600000,0x00000000ef600000,0x00000000f7780000)
 ParOldGen       total 546304K, used 210903K [0x0000000080000000, 0x00000000a1580000, 0x00000000d5580000)
  object space 546304K, 38% used [0x0000000080000000,0x000000008cdf5e10,0x00000000a1580000)
 Metaspace       used 82554K, capacity 86750K, committed 89752K, reserved 1126400K
  class space    used 11130K, capacity 11906K, committed 12720K, reserved 1048576K
Event: 16.903 GC heap after
Heap after GC invocations=36 (full 5):
 PSYoungGen      total 496640K, used 70058K [0x00000000d5580000, 0x00000000ff180000, 0x0000000100000000)
  eden space 426496K, 0% used [0x00000000d5580000,0x00000000d5580000,0x00000000ef600000)
  from space 70144K, 99% used [0x00000000ef600000,0x00000000f3a6ab38,0x00000000f3a80000)
  to   space 126976K, 0% used [0x00000000f7580000,0x00000000f7580000,0x00000000ff180000)
 ParOldGen       total 546304K, used 217307K [0x0000000080000000, 0x00000000a1580000, 0x00000000d5580000)
  object space 546304K, 39% used [0x0000000080000000,0x000000008d436f38,0x00000000a1580000)
 Metaspace       used 82554K, capacity 86750K, committed 89752K, reserved 1126400K
  class space    used 11130K, capacity 11906K, committed 12720K, reserved 1048576K
}
Event: 17.587 GC heap before
{Heap before GC invocations=37 (full 5):
 PSYoungGen      total 496640K, used 496554K [0x00000000d5580000, 0x00000000ff180000, 0x0000000100000000)
  eden space 426496K, 100% used [0x00000000d5580000,0x00000000ef600000,0x00000000ef600000)
  from space 70144K, 99% used [0x00000000ef600000,0x00000000f3a6ab38,0x00000000f3a80000)
  to   space 126976K, 0% used [0x00000000f7580000,0x00000000f7580000,0x00000000ff180000)
 ParOldGen       total 546304K, used 217311K [0x0000000080000000, 0x00000000a1580000, 0x00000000d5580000)
  object space 546304K, 39% used [0x0000000080000000,0x000000008d437ea8,0x00000000a1580000)
 Metaspace       used 82606K, capacity 86814K, committed 89752K, reserved 1126400K
  class space    used 11130K, capacity 11906K, committed 12720K, reserved 1048576K
Event: 17.627 GC heap after
Heap after GC invocations=37 (full 5):
 PSYoungGen      total 562176K, used 63489K [0x00000000d5580000, 0x0000000100000000, 0x0000000100000000)
  eden space 435200K, 0% used [0x00000000d5580000,0x00000000d5580000,0x00000000efe80000)
  from space 126976K, 50% used [0x00000000f7580000,0x00000000fb3804b0,0x00000000ff180000)
  to   space 121856K, 0% used [0x00000000efe80000,0x00000000efe80000,0x00000000f7580000)
 ParOldGen       total 546304K, used 222464K [0x0000000080000000, 0x00000000a1580000, 0x00000000d5580000)
  object space 546304K, 40% used [0x0000000080000000,0x000000008d9402e8,0x00000000a1580000)
 Metaspace       used 82606K, capacity 86814K, committed 89752K, reserved 1126400K
  class space    used 11130K, capacity 11906K, committed 12720K, reserved 1048576K
}

