# JRE version: OpenJDK Runtime Environment (8.0_242-b01) (build 1.8.0_242-release-1644-b01)
# Java VM: OpenJDK 64-Bit Server VM (25.242-b01 mixed mode windows-amd64 compressed oops)
Heap:
 PSYoungGen      total 623616K, used 522860K [0x00000000d5580000, 0x0000000100000000, 0x0000000100000000)
  eden space 548352K, 95% used [0x00000000d5580000,0x00000000f541b368,0x00000000f6d00000)
  from space 75264K, 0% used [0x00000000f6d00000,0x00000000f6d00000,0x00000000fb680000)
  to   space 75264K, 0% used [0x00000000fb680000,0x00000000fb680000,0x0000000100000000)
 ParOldGen       total 748544K, used 306949K [0x0000000080000000, 0x00000000adb00000, 0x00000000d5580000)
  object space 748544K, 41% used [0x0000000080000000,0x0000000092bc1708,0x00000000adb00000)
 Metaspace       used 287985K, capacity 308631K, committed 310336K, reserved 1318912K
  class space    used 36658K, capacity 40419K, committed 41088K, reserved 1048576K
GC Heap History (10 events):
Event: 11571.333 GC heap before
{Heap before GC invocations=98 (full 6):
 PSYoungGen      total 623104K, used 565600K [0x00000000d5580000, 0x0000000100000000, 0x0000000100000000)
  eden space 557568K, 100% used [0x00000000d5580000,0x00000000f7600000,0x00000000f7600000)
  from space 65536K, 12% used [0x00000000f7600000,0x00000000f7dd8000,0x00000000fb600000)
  to   space 62464K, 0% used [0x00000000fc300000,0x00000000fc300000,0x0000000100000000)
 ParOldGen       total 483328K, used 437798K [0x0000000080000000, 0x000000009d800000, 0x00000000d5580000)
  object space 483328K, 90% used [0x0000000080000000,0x000000009ab89ae8,0x000000009d800000)
 Metaspace       used 286005K, capacity 306899K, committed 307520K, reserved 1316864K
  class space    used 36542K, capacity 40382K, committed 40832K, reserved 1048576K
Event: 11571.346 GC heap after
Heap after GC invocations=98 (full 6):
 PSYoungGen      total 623104K, used 8208K [0x00000000d5580000, 0x00000000ff600000, 0x0000000100000000)
  eden space 570880K, 0% used [0x00000000d5580000,0x00000000d5580000,0x00000000f8300000)
  from space 52224K, 15% used [0x00000000fc300000,0x00000000fcb04010,0x00000000ff600000)
  to   space 58880K, 0% used [0x00000000f8300000,0x00000000f8300000,0x00000000fbc80000)
 ParOldGen       total 483328K, used 444771K [0x0000000080000000, 0x000000009d800000, 0x00000000d5580000)
  object space 483328K, 92% used [0x0000000080000000,0x000000009b258e40,0x000000009d800000)
 Metaspace       used 286005K, capacity 306899K, committed 307520K, reserved 1316864K
  class space    used 36542K, capacity 40382K, committed 40832K, reserved 1048576K
}
Event: 11590.461 GC heap before
{Heap before GC invocations=99 (full 6):
 PSYoungGen      total 623104K, used 579088K [0x00000000d5580000, 0x00000000ff600000, 0x0000000100000000)
  eden space 570880K, 100% used [0x00000000d5580000,0x00000000f8300000,0x00000000f8300000)
  from space 52224K, 15% used [0x00000000fc300000,0x00000000fcb04010,0x00000000ff600000)
  to   space 58880K, 0% used [0x00000000f8300000,0x00000000f8300000,0x00000000fbc80000)
 ParOldGen       total 483328K, used 444771K [0x0000000080000000, 0x000000009d800000, 0x00000000d5580000)
  object space 483328K, 92% used [0x0000000080000000,0x000000009b258e40,0x000000009d800000)
 Metaspace       used 286420K, capacity 307611K, committed 308032K, reserved 1316864K
  class space    used 36591K, capacity 40474K, committed 40832K, reserved 1048576K
Event: 11590.475 GC heap after
Heap after GC invocations=99 (full 6):
 PSYoungGen      total 629760K, used 35027K [0x00000000d5580000, 0x0000000100000000, 0x0000000100000000)
  eden space 570880K, 0% used [0x00000000d5580000,0x00000000d5580000,0x00000000f8300000)
  from space 58880K, 59% used [0x00000000f8300000,0x00000000fa534d20,0x00000000fbc80000)
  to   space 61952K, 0% used [0x00000000fc380000,0x00000000fc380000,0x0000000100000000)
 ParOldGen       total 483328K, used 449190K [0x0000000080000000, 0x000000009d800000, 0x00000000d5580000)
  object space 483328K, 92% used [0x0000000080000000,0x000000009b6a99c0,0x000000009d800000)
 Metaspace       used 286420K, capacity 307611K, committed 308032K, reserved 1316864K
  class space    used 36591K, capacity 40474K, committed 40832K, reserved 1048576K
}
Event: 11591.641 GC heap before
{Heap before GC invocations=100 (full 6):
 PSYoungGen      total 629760K, used 605907K [0x00000000d5580000, 0x0000000100000000, 0x0000000100000000)
  eden space 570880K, 100% used [0x00000000d5580000,0x00000000f8300000,0x00000000f8300000)
  from space 58880K, 59% used [0x00000000f8300000,0x00000000fa534d20,0x00000000fbc80000)
  to   space 61952K, 0% used [0x00000000fc380000,0x00000000fc380000,0x0000000100000000)
 ParOldGen       total 483328K, used 449190K [0x0000000080000000, 0x000000009d800000, 0x00000000d5580000)
  object space 483328K, 92% used [0x0000000080000000,0x000000009b6a99c0,0x000000009d800000)
 Metaspace       used 287062K, capacity 308267K, committed 308800K, reserved 1316864K
  class space    used 36658K, capacity 40524K, committed 40832K, reserved 1048576K
Event: 11591.688 GC heap after
Heap after GC invocations=100 (full 6):
 PSYoungGen      total 610304K, used 61939K [0x00000000d5580000, 0x0000000100000000, 0x0000000100000000)
  eden space 548352K, 0% used [0x00000000d5580000,0x00000000d5580000,0x00000000f6d00000)
  from space 61952K, 99% used [0x00000000fc380000,0x00000000ffffce10,0x0000000100000000)
  to   space 75264K, 0% used [0x00000000f6d00000,0x00000000f6d00000,0x00000000fb680000)
 ParOldGen       total 483328K, used 452419K [0x0000000080000000, 0x000000009d800000, 0x00000000d5580000)
  object space 483328K, 93% used [0x0000000080000000,0x000000009b9d0db8,0x000000009d800000)
 Metaspace       used 287062K, capacity 308267K, committed 308800K, reserved 1316864K
  class space    used 36658K, capacity 40524K, committed 40832K, reserved 1048576K
}
Event: 11592.906 GC heap before
{Heap before GC invocations=101 (full 6):
 PSYoungGen      total 610304K, used 610137K [0x00000000d5580000, 0x0000000100000000, 0x0000000100000000)
  eden space 548352K, 99% used [0x00000000d5580000,0x00000000f6cd98a0,0x00000000f6d00000)
  from space 61952K, 99% used [0x00000000fc380000,0x00000000ffffce10,0x0000000100000000)
  to   space 75264K, 0% used [0x00000000f6d00000,0x00000000f6d00000,0x00000000fb680000)
 ParOldGen       total 483328K, used 452419K [0x0000000080000000, 0x000000009d800000, 0x00000000d5580000)
  object space 483328K, 93% used [0x0000000080000000,0x000000009b9d0db8,0x000000009d800000)
 Metaspace       used 288290K, capacity 309777K, committed 310336K, reserved 1318912K
  class space    used 36816K, capacity 40729K, committed 41088K, reserved 1048576K
Event: 11592.984 GC heap after
Heap after GC invocations=101 (full 6):
 PSYoungGen      total 623616K, used 75247K [0x00000000d5580000, 0x0000000100000000, 0x0000000100000000)
  eden space 548352K, 0% used [0x00000000d5580000,0x00000000d5580000,0x00000000f6d00000)
  from space 75264K, 99% used [0x00000000f6d00000,0x00000000fb67bd18,0x00000000fb680000)
  to   space 75264K, 0% used [0x00000000fb680000,0x00000000fb680000,0x0000000100000000)
 ParOldGen       total 552960K, used 551908K [0x0000000080000000, 0x00000000a1c00000, 0x00000000d5580000)
  object space 552960K, 99% used [0x0000000080000000,0x00000000a1af90e0,0x00000000a1c00000)
 Metaspace       used 288290K, capacity 309777K, committed 310336K, reserved 1318912K
  class space    used 36816K, capacity 40729K, committed 41088K, reserved 1048576K
}
Event: 11592.984 GC heap before
{Heap before GC invocations=102 (full 7):
 PSYoungGen      total 623616K, used 75247K [0x00000000d5580000, 0x0000000100000000, 0x0000000100000000)
  eden space 548352K, 0% used [0x00000000d5580000,0x00000000d5580000,0x00000000f6d00000)
  from space 75264K, 99% used [0x00000000f6d00000,0x00000000fb67bd18,0x00000000fb680000)
  to   space 75264K, 0% used [0x00000000fb680000,0x00000000fb680000,0x0000000100000000)
 ParOldGen       total 552960K, used 551908K [0x0000000080000000, 0x00000000a1c00000, 0x00000000d5580000)
  object space 552960K, 99% used [0x0000000080000000,0x00000000a1af90e0,0x00000000a1c00000)
 Metaspace       used 288290K, capacity 309777K, committed 310336K, reserved 1318912K
  class space    used 36816K, capacity 40729K, committed 41088K, reserved 1048576K
Event: 11593.482 GC heap after
Heap after GC invocations=102 (full 7):
 PSYoungGen      total 623616K, used 0K [0x00000000d5580000, 0x0000000100000000, 0x0000000100000000)
  eden space 548352K, 0% used [0x00000000d5580000,0x00000000d5580000,0x00000000f6d00000)
  from space 75264K, 0% used [0x00000000f6d00000,0x00000000f6d00000,0x00000000fb680000)
  to   space 75264K, 0% used [0x00000000fb680000,0x00000000fb680000,0x0000000100000000)
 ParOldGen       total 748544K, used 306949K [0x0000000080000000, 0x00000000adb00000, 0x00000000d5580000)
  object space 748544K, 41% used [0x0000000080000000,0x0000000092bc1708,0x00000000adb00000)
 Metaspace       used 287765K, capacity 308395K, committed 310336K, reserved 1318912K
  class space    used 36650K, capacity 40411K, committed 41088K, reserved 1048576K
}

